Build started 07/25/2015 08:15:13 ق.ظ.
     1>Project "D:\development\university experience\Advanced Programming\new\Windows9\Windows9\Windows9.vcxproj" on node 2 (Build target(s)).
     1>ClCompile:
         C:\Program Files (x86)\Microsoft Visual Studio 11.0\VC\bin\CL.exe /c /ZI /nologo /W3 /WX- /Od /Oy- /D WIN32 /D _DEBUG /D _WINDOWS /D _UNICODE /D UNICODE /Gm /EHsc /RTC1 /MD /GS /fp:precise /Zc:wchar_t /Zc:forScope /Fo"Debug\\" /Fd"Debug\vc110.pdb" /Gd /TP /analyze- /errorReport:prompt Windows9.cpp
         Windows9.cpp
       Link:
         C:\Program Files (x86)\Microsoft Visual Studio 11.0\VC\bin\link.exe /ERRORREPORT:PROMPT /OUT:"D:\development\university experience\Advanced Programming\new\Windows9\Debug\Windows9.exe" /INCREMENTAL /NOLOGO /LIBPATH:"C:\SDL2-2.0.3\lib\x86" /LIBPATH:"C:\SDL2_image-2.0.0\lib\x86" /LIBPATH:"C:\SDL2_ttf-2.0.12\lib\x86" SDL2.lib SDL2main.lib SDL2_image.lib SDL2_ttf.lib kernel32.lib user32.lib gdi32.lib winspool.lib comdlg32.lib advapi32.lib shell32.lib ole32.lib oleaut32.lib uuid.lib odbc32.lib odbccp32.lib /MANIFEST /MANIFESTUAC:"level='asInvoker' uiAccess='false'" /manifest:embed /DEBUG /PDB:"D:\development\university experience\Advanced Programming\new\Windows9\Debug\Windows9.pdb" /SUBSYSTEM:CONSOLE /TLBID:1 /DYNAMICBASE /NXCOMPAT /IMPLIB:"D:\development\university experience\Advanced Programming\new\Windows9\Debug\Windows9.lib" /MACHINE:X86 Debug\Computer.obj
         Debug\Desktop.obj
         Debug\File.obj
         Debug\Folder.obj
         Debug\FontGarage.obj
         Debug\Graphic.obj
         Debug\ImageGarage.obj
         Debug\LeftSideBar.obj
         Debug\main.obj
         Debug\Message.obj
         Debug\MessageLinkedList.obj
         Debug\NewFolder.obj
         Debug\Object.obj
         Debug\PathAnalysis.obj
         Debug\UpSideBar.obj
         Debug\Windows9.obj
         Windows9.vcxproj -> D:\development\university experience\Advanced Programming\new\Windows9\Debug\Windows9.exe
     1>Done Building Project "D:\development\university experience\Advanced Programming\new\Windows9\Windows9\Windows9.vcxproj" (Build target(s)).

Build succeeded.

Time Elapsed 00:00:03.33
